This is PTeX, C Version 2.99 j1.7 p1.0.9G (preloaded format=plplain 97.4.8)  3 JUL 1998 17:43
**&PLPLAIN \input 96id3_jima.tex
(96id3_jima.tex (jima.sty
JIMA.STY Ver.1.02 <18 Dec. 96>.
\h=\dimen119
\JQ=\dimen120
\Q=\dimen121
\@bs=\dimen122
\Secbox=\box29
\Subsecbox=\box30
\mathindent=\dimen123
\c@part=\count79
\c@section=\count80
\c@subsection=\count81
\c@subsubsection=\count82
\c@paragraph=\count83
\c@subparagraph=\count84
\@minsofar=\count85
\@min=\count86
\@cite@temp=\count87
\@abovecapskip=\dimen124
\@belowcapskip=\dimen125
\capnumberbox=\box31
\capbox=\box32
\@parc@ption=\box33
\c@figure=\count88
\c@table=\count89
\capwidth=\dimen126
\@dummyfigbox=\box34
\@Headsep=\dimen127
\namelistindent=\skip41
\dimen@@=\dimen128
\lastofletter=\dimen129
\@interlinegap=\skip42
\@leftcolumnfootnote=\box35
\@rightcolumnfootnote=\box36
) (c:\wintex\inputs2/epsbox.sty
EPSbox version 1.5 - Released May 5, 1992 (for LaTeX/jdvi2kps2.1)
Based on EPSF macro package. version 1.2 - Released July 16, 1990
\@darg=\dimen130
\eps@xdim=\dimen131
\eps@ydim=\dimen132
\eps@width=\dimen133
\eps@height=\dimen134
\eps@tempdima=\dimen135
\eps@tempdimb=\dimen136
\eps@cnta=\count90
\eps@cntb=\count91
\eps@cntc=\count92
\eps@cntd=\count93
\ps@stream=\read0
) (bmset.sty) (96id3_jima.aux) [1


] [2

]
\bifam=\fam15
 [3]
Overfull \hbox (23.31563pt too wide) in alignment at lines 125--133
 [] [] [] [] 

\hbox(0.0+0.0)x204.86002
.\glue(\tabskip) 17.07164
.\unsetbox(0.0+0.0)x11.02899
.\glue(\tabskip) 0.0
.\unsetbox(0.0+0.0)x11.19441
.\glue(\tabskip) 0.0
.etc.


Overfull \hbox (25.13008pt too wide) in alignment at lines 172--179
 [] [] [] [] 

\hbox(0.0+0.0)x204.86002
.\glue(\tabskip) 17.07164
.\unsetbox(0.0+0.0)x204.91843
.\glue(\tabskip) 0.0
.\unsetbox(0.0+0.0)x4.00002
.\glue(\tabskip) 0.0
.etc.

[4]
Overfull \hbox (7.87296pt too wide) in alignment at lines 188--194
 [] [] [] [] 

\hbox(0.0+0.0)x204.86002
.\glue(\tabskip) 17.07164
.\unsetbox(0.0+0.0)x187.6613
.\glue(\tabskip) 0.0
.\unsetbox(0.0+0.0)x4.00002
.\glue(\tabskip) 0.0
.etc.


Overfull \hbox (12.70488pt too wide) in alignment at lines 201--203
 [] [] [] [] 

\hbox(0.0+0.0)x204.86002
.\glue(\tabskip) 17.07164
.\unsetbox(0.0+0.0)x192.49323
.\glue(\tabskip) 0.0
.\unsetbox(0.0+0.0)x4.00002
.\glue(\tabskip) 0.0
.etc.


Underfull \hbox (badness 10000) in paragraph at lines 220--227


\hbox(0.0+0.0)x204.86002
.\glue(\rightskip) 0.0


Underfull \hbox (badness 10000) in paragraph at lines 235--237


\hbox(0.0+0.0)x204.86002
.\glue(\rightskip) 0.0

[5] [6]
Overfull \hbox (33.54382pt too wide) in alignment at lines 332--336
 [] [] [] [] 

\hbox(0.0+0.0)x204.86002
.\glue(\tabskip) 17.07164
.\unsetbox(0.0+0.0)x213.33217
.\glue(\tabskip) 0.0
.\unsetbox(0.0+0.0)x4.00002
.\glue(\tabskip) 0.0
.etc.


Overfull \hbox (81.15686pt too wide) in paragraph at lines 338--353
[][] 

\hbox(79.07071+74.57071)x204.86002
.\hbox(0.0+0.0)x8.5359
.\hbox(79.07071+74.57071)x277.48097, yoko direction
..\mathon
..\vbox(79.07071+74.57071)x277.48097, yoko direction
...\hbox(8.96239+3.84106)x277.48097, yoko direction []
...\glue(\lineskip) 0.0
...\hbox(8.96239+3.84106)x277.48097, yoko direction []
...\glue(\lineskip) 0.0
...\hbox(8.96239+3.84106)x277.48097, yoko direction []
...etc.
..\mathoff
.\penalty 10000
.\glue(\parfillskip) 0.0 plus 1.0fil
.\glue(\rightskip) 0.0

[7] [8] [9] (96id3_jima.aux) 
Here is how much of TeX's memory you used:
 521 strings out of 4151
 4652 string characters out of 60877
 69388 words of memory out of 262141
 2653 multiletter control sequences out of 9500
 38457 words of font info for 151 fonts, out of 72000 for 255
 14 hyphenation exceptions out of 607
 14i,10n,25p,1187b,709s stack positions out of 300i,40n,60p,4096b,4000s

Output written on 96id3_jima.dvi (9 pages, 64244 bytes).
