This is PTeX, C Version 2.99 j1.7 p1.0.9G (preloaded format=plplain 97.4.8)  26 AUG 1998 12:37
**&PLPLAIN \input 97art_ieee.tex
(97art_ieee.tex (C:\WINTEX\INPUTS/article.sty
Document Style `article' <16 Mar 88>.
(C:\WINTEX\INPUTS/art10.sty)
\c@part=\count79
\c@section=\count80
\c@subsection=\count81
\c@subsubsection=\count82
\c@paragraph=\count83
\c@subparagraph=\count84
\c@figure=\count85
\c@table=\count86
) (C:\WINTEX\INPUTS/twocolumn.sty) (fuzziea4.sty
Fuzz-IEEE'97 A4 Proceedings Style `fuzzieee-a4.sty'.
\@ctmp=\skip41
\@figindent=\skip42
) (c:\wintex\inputs2/epsbox.sty
EPSbox version 1.5 - Released May 5, 1992 (for LaTeX/jdvi2kps2.1)
Based on EPSF macro package. version 1.2 - Released July 16, 1990
\@darg=\dimen119
\eps@xdim=\dimen120
\eps@ydim=\dimen121
\eps@width=\dimen122
\eps@height=\dimen123
\eps@tempdima=\dimen124
\eps@tempdimb=\dimen125
\eps@cnta=\count87
\eps@cntb=\count88
\eps@cntc=\count89
\eps@cntd=\count90
\ps@stream=\read0
) (c:\wintex\inputs2/esci9.sty) (97art_ieee.aux) [1



]
<./eps_fig/fig01.eps(83.58038pt,85.35826pt)>
<./eps_fig/fig02.eps(82.71815pt,85.35826pt)>
Underfull \hbox (badness 1087) in paragraph at lines 198--205
\ninrm and for-mu-late a non-lin-ear math-e-mat-i-cal pro-gram-ming

\hbox(6.25287+1.74713)x237.13594, glue set 2.21829
.\displace -0.00287
.\ninrm a
.\ninrm n
.\ninrm d
.\glue 3.08331 plus 1.54166 minus 1.02777
.etc.

[2] <./eps_fig/fig03.eps(175.18355pt,142.26378pt)> [3]
<./eps_fig/fig04.eps(189.12228pt,184.9429pt)>
<./eps_fig/fig05.eps(144.60126pt,113.81102pt)>
<./eps_fig/fig06a.eps(181.03702pt,71.13188pt)>
<./eps_fig/fig06b.eps(184.65787pt,71.13188pt)>
<./eps_fig/fig06c.eps(174.47476pt,71.13188pt)>
<./eps_fig/fig07a.eps(170.14299pt,71.13188pt)>
<./eps_fig/fig07b.eps(179.62819pt,71.13188pt)>
<./eps_fig/fig07c.eps(176.05835pt,71.13188pt)>
<./eps_fig/fig09.eps(132.1269pt,156.49014pt)> [4]
<./eps_fig/fig10a_l.eps(158.59319pt,85.35826pt)>
<./eps_fig/fig10a_r.eps(126.07718pt,85.35826pt)>
<./eps_fig/fig10b_l.eps(157.67885pt,85.35826pt)>
<./eps_fig/fig10b_r.eps(152.01184pt,85.35826pt)>
Underfull \hbox (badness 2285) in paragraph at lines 621--625
\ninrm Elec-tron Mi-croscopy and X-ray Pho-tog-ra-phy'', J.

\hbox(6.25287+1.74713)x222.37212, glue set 2.83922
.\displace -0.00287
.\ninrm E
.\ninrm l
.\ninrm e
.\ninrm c
.etc.

[5]
Underfull \hbox (badness 3557) in paragraph at lines 662--666
[] []\ninrm D.W.Sweeney and T.M.Vest, ``Re-con-struc-tion of

\hbox(6.75287+2.24713)x222.37212, glue set 3.29128
.\hbox(0.0+0.0)x0.0
.\glue 0.0
.\hbox(6.75287+2.24713)x4.62497, yoko direction
..\glue 0.0
..\glue -9.76382
..\glue -5.0
..\hbox(6.75287+2.24713)x14.3888, yoko direction
...\glue 0.0 plus 1.0fil
...\displace -0.00287
...\ninrm [
...\ninrm 1
...\ninrm 1
...etc.
..\glue 5.0
.\penalty 0
.\displace -0.00287
.etc.


Underfull \hbox (badness 3460) in paragraph at lines 668--671
[] []\ninrm H.Tabuchi, T.Miyoshi, H.Ichihashi and K.Ohno,

\hbox(6.75287+2.24713)x222.37212, glue set 3.26227
.\hbox(0.0+0.0)x0.0
.\glue 0.0
.\hbox(6.75287+2.24713)x4.62497, yoko direction
..\glue 0.0
..\glue -9.76382
..\glue -5.0
..\hbox(6.75287+2.24713)x14.3888, yoko direction
...\glue 0.0 plus 1.0fil
...\displace -0.00287
...\ninrm [
...\ninrm 1
...\ninrm 2
...etc.
..\glue 5.0
.\penalty 0
.\displace -0.00287
.etc.

[6] (97art_ieee.aux) 
Here is how much of TeX's memory you used:
 450 strings out of 4151
 3917 string characters out of 60877
 50787 words of memory out of 262141
 2489 multiletter control sequences out of 9500
 36080 words of font info for 142 fonts, out of 72000 for 255
 14 hyphenation exceptions out of 607
 14i,9n,17p,322b,575s stack positions out of 300i,40n,60p,4096b,4000s

Output written on 97art_ieee.dvi (6 pages, 38120 bytes).
