This is pTeX, Version p2.1.8, based on TeX, Version 3.14159 (SJIS) (Web2C 7.2) (format=platex 1998.9.11)  27 SEP 2002 12:20
**d:/htpd/lab_work_j/2002/manuscript/02minor_kes/paper/lminor_em2.tex
(d:/htpd/lab_work_j/2002/manuscript/02minor_kes/paper/lminor_em2.tex
pLaTeX2e <1998/09/01>+1 (based on LaTeX2e <1998/06/01> patch level 0)
(c:/appli/ptex/texmf/tex/latex/base/article.cls
Document Class: article 1998/05/05 v1.3y Standard LaTeX document class
(c:/appli/ptex/texmf/tex/latex/base/size10.clo
File: size10.clo 1998/05/05 v1.3y Standard LaTeX file (size option)
)
\c@part=\count81
\c@section=\count82
\c@subsection=\count83
\c@subsubsection=\count84
\c@paragraph=\count85
\c@subparagraph=\count86
\c@figure=\count87
\c@table=\count88
\abovecaptionskip=\skip41
\belowcaptionskip=\skip42
\bibindent=\dimen118
)
(c:/appli/ptex/texmf/tex/latex/graphics/graphicx.sty
Package: graphicx 1997/06/09 v1.0d Enhanced LaTeX Graphics (DPC,SPQR)

(c:/appli/ptex/texmf/tex/latex/graphics/keyval.sty
Package: keyval 1998/06/05 v1.11 key=value parser (DPC)
\KV@toks@=\toks15
)
(c:/appli/ptex/texmf/tex/latex/graphics/graphics.sty
Package: graphics 1998/05/27 v1.0h Standard LaTeX Graphics (DPC,SPQR)

(c:/appli/ptex/texmf/tex/latex/graphics/trig.sty
Package: trig 1994/10/16 v1.08 sin cos tan (DPC)
)
(c:/appli/ptex/texmf/tex/latex/graphics/graphics.cfg)
Package graphics Info: Driver file: dviout.def on input line 85.

(c:/appli/ptex/texmf/tex/latex/graphics/dviout.def
File: dviout.def 1998/4/4 Driver file of `dviout' for LaTeXe
))
\Gin@req@height=\dimen119
\Gin@req@width=\dimen120
) (lminor_em2.aux)
\openout1 = `lminor_em2.aux'.

LaTeX Font Info:    Checking defaults for OML/cmm/m/it on input line 20.
LaTeX Font Info:    ... okay on input line 20.
LaTeX Font Info:    Checking defaults for T1/cmr/m/n on input line 20.
LaTeX Font Info:    ... okay on input line 20.
LaTeX Font Info:    Checking defaults for OT1/cmr/m/n on input line 20.
LaTeX Font Info:    ... okay on input line 20.
LaTeX Font Info:    Checking defaults for OMS/cmsy/m/n on input line 20.
LaTeX Font Info:    ... okay on input line 20.
LaTeX Font Info:    Checking defaults for OMX/cmex/m/n on input line 20.
LaTeX Font Info:    ... okay on input line 20.
LaTeX Font Info:    Checking defaults for U/cmr/m/n on input line 20.
LaTeX Font Info:    ... okay on input line 20.
LaTeX Font Info:    Checking defaults for JY1/mc/m/n on input line 20.
LaTeX Font Info:    ... okay on input line 20.
LaTeX Font Info:    Checking defaults for JT1/mc/m/n on input line 20.
LaTeX Font Info:    ... okay on input line 20.
LaTeX Font Info:    External font `cmex10' loaded for size
(Font)              <12> on input line 32.
LaTeX Font Info:    External font `cmex10' loaded for size
(Font)              <8> on input line 32.
LaTeX Font Info:    External font `cmex10' loaded for size
(Font)              <6> on input line 32.
LaTeX Font Info:    Font shape `JY1/mc/bx/n' in size <9> not available
(Font)              Font shape `JY1/gt/m/n' tried instead on input line 41.
LaTeX Font Info:    Font shape `JT1/mc/bx/n' in size <9> not available
(Font)              Font shape `JT1/gt/m/n' tried instead on input line 41.
LaTeX Font Info:    Font shape `JY1/mc/bx/n' in size <14.4> not available
(Font)              Font shape `JY1/gt/m/n' tried instead on input line 49.
LaTeX Font Info:    Font shape `JT1/mc/bx/n' in size <14.4> not available
(Font)              Font shape `JT1/gt/m/n' tried instead on input line 49.
LaTeX Font Info:    External font `cmex10' loaded for size
(Font)              <7> on input line 61.
LaTeX Font Info:    External font `cmex10' loaded for size
(Font)              <5> on input line 61.
 [1

]

LaTeX Font Warning: Font shape `JY1/mc/m/it' undefined
(Font)              using `JY1/mc/m/n' instead on input line 98.


LaTeX Font Warning: Font shape `JT1/mc/m/it' undefined
(Font)              using `JT1/mc/m/n' instead on input line 98.

[2]
File: 3D.eps Graphic file (type eps)
 <3D.eps> [3]
File: 3dim12.eps Graphic file (type eps)
 <3dim12.eps>
File: 3dim23.eps Graphic file (type eps)
 <3dim23.eps>
LaTeX Font Info:    Font shape `JY1/mc/bx/n' in size <10> not available
(Font)              Font shape `JY1/gt/m/n' tried instead on input line 243.
LaTeX Font Info:    Font shape `JT1/mc/bx/n' in size <10> not available
(Font)              Font shape `JT1/gt/m/n' tried instead on input line 243.
 [4] [5] (lminor_em2.aux)

LaTeX Font Warning: Some font shapes were not available, defaults substituted.

 ) 
Here is how much of TeX's memory you used:
 579 strings out of 10663
 6344 string characters out of 69804
 60555 words of memory out of 263001
 3713 multiletter control sequences out of 10000+0
 17189 words of font info for 65 fonts, out of 200000 for 1000
 14 hyphenation exceptions out of 1000
 25i,10n,19p,887b,402s stack positions out of 300i,100n,500p,30000b,4000s

Output written on lminor_em2.dvi (5 pages, 18332 bytes).
