102.09.27 17:15 B D:\htpd\Lab_work_j\2002\manuscript\02minor_kes\paper\3D.bmc --> mms1 /home/www/gyouseki/2002/manuscript/02minor_kes/paper 3D.bmc
102.09.27 17:15 B D:\htpd\Lab_work_j\2002\manuscript\02minor_kes\paper\3D.eps --> mms1 /home/www/gyouseki/2002/manuscript/02minor_kes/paper 3D.eps
102.09.27 17:15 B D:\htpd\Lab_work_j\2002\manuscript\02minor_kes\paper\3D.pbm --> mms1 /home/www/gyouseki/2002/manuscript/02minor_kes/paper 3D.pbm
102.09.27 17:15 B D:\htpd\Lab_work_j\2002\manuscript\02minor_kes\paper\3dim12.bmc --> mms1 /home/www/gyouseki/2002/manuscript/02minor_kes/paper 3dim12.bmc
102.09.27 17:15 B D:\htpd\Lab_work_j\2002\manuscript\02minor_kes\paper\3dim12.eps --> mms1 /home/www/gyouseki/2002/manuscript/02minor_kes/paper 3dim12.eps
102.09.27 17:15 B D:\htpd\Lab_work_j\2002\manuscript\02minor_kes\paper\3dim12.pbm --> mms1 /home/www/gyouseki/2002/manuscript/02minor_kes/paper 3dim12.pbm
102.09.27 17:15 B D:\htpd\Lab_work_j\2002\manuscript\02minor_kes\paper\3dim23.bmc --> mms1 /home/www/gyouseki/2002/manuscript/02minor_kes/paper 3dim23.bmc
102.09.27 17:15 B D:\htpd\Lab_work_j\2002\manuscript\02minor_kes\paper\3dim23.eps --> mms1 /home/www/gyouseki/2002/manuscript/02minor_kes/paper 3dim23.eps
102.09.27 17:15 B D:\htpd\Lab_work_j\2002\manuscript\02minor_kes\paper\3dim23.pbm --> mms1 /home/www/gyouseki/2002/manuscript/02minor_kes/paper 3dim23.pbm
102.09.27 17:15 B D:\htpd\Lab_work_j\2002\manuscript\02minor_kes\paper\ioscrcb.sty --> mms1 /home/www/gyouseki/2002/manuscript/02minor_kes/paper ioscrcb.sty
102.09.27 17:15 B D:\htpd\Lab_work_j\2002\manuscript\02minor_kes\paper\lminor_em.aux --> mms1 /home/www/gyouseki/2002/manuscript/02minor_kes/paper lminor_em.aux
102.09.27 17:15 B D:\htpd\Lab_work_j\2002\manuscript\02minor_kes\paper\lminor_em.dvi --> mms1 /home/www/gyouseki/2002/manuscript/02minor_kes/paper lminor_em.dvi
102.09.27 17:15 B D:\htpd\Lab_work_j\2002\manuscript\02minor_kes\paper\lminor_em.log --> mms1 /home/www/gyouseki/2002/manuscript/02minor_kes/paper lminor_em.log
102.09.27 17:15 B D:\htpd\Lab_work_j\2002\manuscript\02minor_kes\paper\lminor_em.tex --> mms1 /home/www/gyouseki/2002/manuscript/02minor_kes/paper lminor_em.tex
102.09.27 17:15 B D:\htpd\Lab_work_j\2002\manuscript\02minor_kes\paper\lminor_em2.aux --> mms1 /home/www/gyouseki/2002/manuscript/02minor_kes/paper lminor_em2.aux
102.09.27 17:15 B D:\htpd\Lab_work_j\2002\manuscript\02minor_kes\paper\lminor_em2.dvi --> mms1 /home/www/gyouseki/2002/manuscript/02minor_kes/paper lminor_em2.dvi
102.09.27 17:15 B D:\htpd\Lab_work_j\2002\manuscript\02minor_kes\paper\lminor_em2.log --> mms1 /home/www/gyouseki/2002/manuscript/02minor_kes/paper lminor_em2.log
102.09.27 17:15 B D:\htpd\Lab_work_j\2002\manuscript\02minor_kes\paper\lminor_em2.tex --> mms1 /home/www/gyouseki/2002/manuscript/02minor_kes/paper lminor_em2.tex
102.09.27 17:15 B D:\htpd\Lab_work_j\2002\manuscript\02minor_kes\paper\paper.pdf --> mms1 /home/www/gyouseki/2002/manuscript/02minor_kes/paper paper.pdf
102.09.27 17:15 B D:\htpd\Lab_work_j\2002\manuscript\02minor_kes\paper\paper.ps --> mms1 /home/www/gyouseki/2002/manuscript/02minor_kes/paper paper.ps
102.09.27 17:15 B D:\htpd\Lab_work_j\2002\manuscript\02minor_kes\paper\x.log --> mms1 /home/www/gyouseki/2002/manuscript/02minor_kes/paper x.log
102.12.16 19:35 B D:\htpd\Lab_work_j\2002\manuscript\02minor_kes\paper\3D.bmc --> mms1 /home/www/gyouseki/2002/manuscript/02minor_kes/paper 3D.bmc
102.12.16 19:35 B D:\htpd\Lab_work_j\2002\manuscript\02minor_kes\paper\3D.eps --> mms1 /home/www/gyouseki/2002/manuscript/02minor_kes/paper 3D.eps
102.12.16 19:35 B D:\htpd\Lab_work_j\2002\manuscript\02minor_kes\paper\3D.pbm --> mms1 /home/www/gyouseki/2002/manuscript/02minor_kes/paper 3D.pbm
102.12.16 19:35 B D:\htpd\Lab_work_j\2002\manuscript\02minor_kes\paper\3dim12.bmc --> mms1 /home/www/gyouseki/2002/manuscript/02minor_kes/paper 3dim12.bmc
102.12.16 19:35 B D:\htpd\Lab_work_j\2002\manuscript\02minor_kes\paper\3dim12.eps --> mms1 /home/www/gyouseki/2002/manuscript/02minor_kes/paper 3dim12.eps
102.12.16 19:35 B D:\htpd\Lab_work_j\2002\manuscript\02minor_kes\paper\3dim12.pbm --> mms1 /home/www/gyouseki/2002/manuscript/02minor_kes/paper 3dim12.pbm
102.12.16 19:35 B D:\htpd\Lab_work_j\2002\manuscript\02minor_kes\paper\3dim23.bmc --> mms1 /home/www/gyouseki/2002/manuscript/02minor_kes/paper 3dim23.bmc
102.12.16 19:35 B D:\htpd\Lab_work_j\2002\manuscript\02minor_kes\paper\3dim23.eps --> mms1 /home/www/gyouseki/2002/manuscript/02minor_kes/paper 3dim23.eps
102.12.16 19:35 B D:\htpd\Lab_work_j\2002\manuscript\02minor_kes\paper\3dim23.pbm --> mms1 /home/www/gyouseki/2002/manuscript/02minor_kes/paper 3dim23.pbm
102.12.16 19:35 B D:\htpd\Lab_work_j\2002\manuscript\02minor_kes\paper\ioscrcb.sty --> mms1 /home/www/gyouseki/2002/manuscript/02minor_kes/paper ioscrcb.sty
102.12.16 19:35 B D:\htpd\Lab_work_j\2002\manuscript\02minor_kes\paper\lminor_em.aux --> mms1 /home/www/gyouseki/2002/manuscript/02minor_kes/paper lminor_em.aux
102.12.16 19:35 B D:\htpd\Lab_work_j\2002\manuscript\02minor_kes\paper\lminor_em.dvi --> mms1 /home/www/gyouseki/2002/manuscript/02minor_kes/paper lminor_em.dvi
102.12.16 19:35 B D:\htpd\Lab_work_j\2002\manuscript\02minor_kes\paper\lminor_em.log --> mms1 /home/www/gyouseki/2002/manuscript/02minor_kes/paper lminor_em.log
102.12.16 19:35 B D:\htpd\Lab_work_j\2002\manuscript\02minor_kes\paper\lminor_em.tex --> mms1 /home/www/gyouseki/2002/manuscript/02minor_kes/paper lminor_em.tex
102.12.16 19:35 B D:\htpd\Lab_work_j\2002\manuscript\02minor_kes\paper\lminor_em2.aux --> mms1 /home/www/gyouseki/2002/manuscript/02minor_kes/paper lminor_em2.aux
102.12.16 19:35 B D:\htpd\Lab_work_j\2002\manuscript\02minor_kes\paper\lminor_em2.dvi --> mms1 /home/www/gyouseki/2002/manuscript/02minor_kes/paper lminor_em2.dvi
102.12.16 19:35 B D:\htpd\Lab_work_j\2002\manuscript\02minor_kes\paper\lminor_em2.log --> mms1 /home/www/gyouseki/2002/manuscript/02minor_kes/paper lminor_em2.log
102.12.16 19:35 B D:\htpd\Lab_work_j\2002\manuscript\02minor_kes\paper\lminor_em2.tex --> mms1 /home/www/gyouseki/2002/manuscript/02minor_kes/paper lminor_em2.tex
102.12.16 19:35 B D:\htpd\Lab_work_j\2002\manuscript\02minor_kes\paper\paper.pdf --> mms1 /home/www/gyouseki/2002/manuscript/02minor_kes/paper paper.pdf
102.12.16 19:35 B D:\htpd\Lab_work_j\2002\manuscript\02minor_kes\paper\paper.ps --> mms1 /home/www/gyouseki/2002/manuscript/02minor_kes/paper paper.ps
102.12.16 19:35 B D:\htpd\Lab_work_j\2002\manuscript\02minor_kes\paper\WS_FTP.LOG --> mms1 /home/www/gyouseki/2002/manuscript/02minor_kes/paper WS_FTP.LOG
102.12.16 19:35 B D:\htpd\Lab_work_j\2002\manuscript\02minor_kes\paper\x.log --> mms1 /home/www/gyouseki/2002/manuscript/02minor_kes/paper x.log
103.05.23 10:36 B D:\htpd\Lab_work_j\2002\manuscript\02minor_kes\paper\3D.bmc --> subaru /export/home/ie/honda/public_html/gyouseki/2002/manuscript/02minor_kes/paper 3D.bmc
103.05.23 10:36 B D:\htpd\Lab_work_j\2002\manuscript\02minor_kes\paper\3D.eps --> subaru /export/home/ie/honda/public_html/gyouseki/2002/manuscript/02minor_kes/paper 3D.eps
103.05.23 10:36 B D:\htpd\Lab_work_j\2002\manuscript\02minor_kes\paper\3D.pbm --> subaru /export/home/ie/honda/public_html/gyouseki/2002/manuscript/02minor_kes/paper 3D.pbm
103.05.23 10:36 B D:\htpd\Lab_work_j\2002\manuscript\02minor_kes\paper\3dim12.bmc --> subaru /export/home/ie/honda/public_html/gyouseki/2002/manuscript/02minor_kes/paper 3dim12.bmc
103.05.23 10:36 B D:\htpd\Lab_work_j\2002\manuscript\02minor_kes\paper\3dim12.eps --> subaru /export/home/ie/honda/public_html/gyouseki/2002/manuscript/02minor_kes/paper 3dim12.eps
103.05.23 10:36 B D:\htpd\Lab_work_j\2002\manuscript\02minor_kes\paper\3dim12.pbm --> subaru /export/home/ie/honda/public_html/gyouseki/2002/manuscript/02minor_kes/paper 3dim12.pbm
103.05.23 10:36 B D:\htpd\Lab_work_j\2002\manuscript\02minor_kes\paper\3dim23.bmc --> subaru /export/home/ie/honda/public_html/gyouseki/2002/manuscript/02minor_kes/paper 3dim23.bmc
103.05.23 10:36 B D:\htpd\Lab_work_j\2002\manuscript\02minor_kes\paper\3dim23.eps --> subaru /export/home/ie/honda/public_html/gyouseki/2002/manuscript/02minor_kes/paper 3dim23.eps
103.05.23 10:36 B D:\htpd\Lab_work_j\2002\manuscript\02minor_kes\paper\3dim23.pbm --> subaru /export/home/ie/honda/public_html/gyouseki/2002/manuscript/02minor_kes/paper 3dim23.pbm
103.05.23 10:36 B D:\htpd\Lab_work_j\2002\manuscript\02minor_kes\paper\ioscrcb.sty --> subaru /export/home/ie/honda/public_html/gyouseki/2002/manuscript/02minor_kes/paper ioscrcb.sty
103.05.23 10:36 B D:\htpd\Lab_work_j\2002\manuscript\02minor_kes\paper\lminor_em.aux --> subaru /export/home/ie/honda/public_html/gyouseki/2002/manuscript/02minor_kes/paper lminor_em.aux
103.05.23 10:36 B D:\htpd\Lab_work_j\2002\manuscript\02minor_kes\paper\lminor_em.dvi --> subaru /export/home/ie/honda/public_html/gyouseki/2002/manuscript/02minor_kes/paper lminor_em.dvi
103.05.23 10:36 B D:\htpd\Lab_work_j\2002\manuscript\02minor_kes\paper\lminor_em.log --> subaru /export/home/ie/honda/public_html/gyouseki/2002/manuscript/02minor_kes/paper lminor_em.log
103.05.23 10:36 B D:\htpd\Lab_work_j\2002\manuscript\02minor_kes\paper\lminor_em.tex --> subaru /export/home/ie/honda/public_html/gyouseki/2002/manuscript/02minor_kes/paper lminor_em.tex
103.05.23 10:36 B D:\htpd\Lab_work_j\2002\manuscript\02minor_kes\paper\lminor_em2.aux --> subaru /export/home/ie/honda/public_html/gyouseki/2002/manuscript/02minor_kes/paper lminor_em2.aux
103.05.23 10:36 B D:\htpd\Lab_work_j\2002\manuscript\02minor_kes\paper\lminor_em2.dvi --> subaru /export/home/ie/honda/public_html/gyouseki/2002/manuscript/02minor_kes/paper lminor_em2.dvi
103.05.23 10:36 B D:\htpd\Lab_work_j\2002\manuscript\02minor_kes\paper\lminor_em2.log --> subaru /export/home/ie/honda/public_html/gyouseki/2002/manuscript/02minor_kes/paper lminor_em2.log
103.05.23 10:36 B D:\htpd\Lab_work_j\2002\manuscript\02minor_kes\paper\lminor_em2.tex --> subaru /export/home/ie/honda/public_html/gyouseki/2002/manuscript/02minor_kes/paper lminor_em2.tex
103.05.23 10:36 B D:\htpd\Lab_work_j\2002\manuscript\02minor_kes\paper\paper.pdf --> subaru /export/home/ie/honda/public_html/gyouseki/2002/manuscript/02minor_kes/paper paper.pdf
103.05.23 10:36 B D:\htpd\Lab_work_j\2002\manuscript\02minor_kes\paper\paper.ps --> subaru /export/home/ie/honda/public_html/gyouseki/2002/manuscript/02minor_kes/paper paper.ps
103.05.23 10:36 B D:\htpd\Lab_work_j\2002\manuscript\02minor_kes\paper\WS_FTP.LOG --> subaru /export/home/ie/honda/public_html/gyouseki/2002/manuscript/02minor_kes/paper WS_FTP.LOG
103.05.23 10:36 B D:\htpd\Lab_work_j\2002\manuscript\02minor_kes\paper\x.log --> subaru /export/home/ie/honda/public_html/gyouseki/2002/manuscript/02minor_kes/paper x.log
